<?xml version="1.0" encoding="UTF-8"?>
<testsuite xmlns:xsi="http://www.w3.org/2001/XMLSchema-instance" xsi:noNamespaceSchemaLocation="https://maven.apache.org/surefire/maven-surefire-plugin/xsd/surefire-test-report-3.0.xsd" version="3.0" name="com.example.AppTest" time="0.053" tests="2" errors="0" skipped="0" failures="1">
  <properties>
[...]
</properties>
  <testcase name="testFail" classname="com.example.AppTest" time="0.037">
    <failure type="org.opentest4j.AssertionFailedError"><![CDATA[org.opentest4j.AssertionFailedError: Ð¢ÐµÑ�Ñ‚ Ð¼Ð°Ñ” Ð¿Ñ€Ð¾Ð²Ð°Ð»Ð¸Ñ‚Ð¸Ñ�Ñ�, Ð¾Ñ�ÐºÑ–Ð»ÑŒÐºÐ¸ Ñ€Ñ�Ð´ÐºÐ¸ Ñ€Ñ–Ð·Ð½Ñ–! ==> expected: <Hello World!> but was: <Goodbye World!>
	at com.example.AppTest.testFail(AppTest.java:19)
]]></failure>
  </testcase>
  <testcase name="testAppPassed" classname="com.example.AppTest" time="0"/>
</testsuite>